android/app/build/intermediates/manifest_merge_blame_file/debug/manifest-merger-blame-debug-report.txt
1<?xml version="1.0" encoding="utf-8"?>
2<manifest xmlns:android="http://schemas.android.com/apk/res/android"
3    package="com.example.to_do"
4    android:versionCode="1"
5    android:versionName="1.0" >
6
7    <uses-sdk
8        android:minSdkVersion="21"
9        android:targetSdkVersion="34" />
10    <!--
11         The INTERNET permission is required for development. Specifically,
12         the Flutter tool needs it to communicate with the running application
13         to allow setting breakpoints, to provide hot reload, etc.
14    -->
15    <uses-permission android:name="android.permission.INTERNET" />
15-->src\debug\AndroidManifest.xml:6:5-66
15-->src\debug\AndroidManifest.xml:6:22-64
16    <uses-permission android:name="android.permission.RECEIVE_BOOT_COMPLETED" />
16-->src\main\AndroidManifest.xml:2:4-79
16-->src\main\AndroidManifest.xml:2:21-77
17    <uses-permission android:name="android.permission.VIBRATE" />
17-->src\main\AndroidManifest.xml:3:4-65
17-->src\main\AndroidManifest.xml:3:21-62
18    <uses-permission android:name="android.permission.USE_FULL_SCREEN_INTENT" />
18-->src\main\AndroidManifest.xml:4:4-80
18-->src\main\AndroidManifest.xml:4:21-77
19    <uses-permission android:name="android.permission.USE_EXACT_ALARM" />
19-->src\main\AndroidManifest.xml:5:4-73
19-->src\main\AndroidManifest.xml:5:21-70
20    <uses-permission android:name="android.permission.POST_NOTIFICATIONS" />
20-->src\main\AndroidManifest.xml:6:4-75
20-->src\main\AndroidManifest.xml:6:21-73
21    <uses-permission android:name="android.permission.FOREGROUND_SERVICE" />
21-->src\main\AndroidManifest.xml:7:4-76
21-->src\main\AndroidManifest.xml:7:21-73
22
23    <permission
23-->[androidx.core:core:1.9.0] AndroidManifest.xml:22:5-24:47
24        android:name="com.example.to_do.DYNAMIC_RECEIVER_NOT_EXPORTED_PERMISSION"
24-->[androidx.core:core:1.9.0] AndroidManifest.xml:23:9-81
25        android:protectionLevel="signature" />
25-->[androidx.core:core:1.9.0] AndroidManifest.xml:24:9-44
26
27    <uses-permission android:name="com.example.to_do.DYNAMIC_RECEIVER_NOT_EXPORTED_PERMISSION" />
27-->[androidx.core:core:1.9.0] AndroidManifest.xml:26:5-97
27-->[androidx.core:core:1.9.0] AndroidManifest.xml:26:22-94
28
29    <application
29-->src\main\AndroidManifest.xml:9:4-59:19
30        android:appComponentFactory="androidx.core.app.CoreComponentFactory"
30-->[androidx.core:core:1.9.0] AndroidManifest.xml:28:18-86
31        android:debuggable="true"
32        android:icon="@mipmap/launcher_icon"
32-->src\main\AndroidManifest.xml:11:9-45
33        android:label="To Do" >
33-->src\main\AndroidManifest.xml:10:9-30
34        <activity
34-->src\main\AndroidManifest.xml:13:9-31:20
35            android:name="com.example.to_do.MainActivity"
35-->src\main\AndroidManifest.xml:14:13-41
36            android:configChanges="orientation|keyboardHidden|keyboard|screenSize|smallestScreenSize|locale|layoutDirection|fontScale|screenLayout|density|uiMode"
36-->src\main\AndroidManifest.xml:17:13-163
37            android:exported="true"
37-->src\main\AndroidManifest.xml:22:13-36
38            android:hardwareAccelerated="true"
38-->src\main\AndroidManifest.xml:18:13-47
39            android:launchMode="singleTop"
39-->src\main\AndroidManifest.xml:15:13-43
40            android:showWhenLocked="true"
40-->src\main\AndroidManifest.xml:20:13-42
41            android:theme="@style/LaunchTheme"
41-->src\main\AndroidManifest.xml:16:13-47
42            android:turnScreenOn="true"
42-->src\main\AndroidManifest.xml:21:13-40
43            android:windowSoftInputMode="adjustResize" >
43-->src\main\AndroidManifest.xml:19:13-55
44            <meta-data
44-->src\main\AndroidManifest.xml:23:13-26:17
45                android:name="io.flutter.embedding.android.NormalTheme"
45-->src\main\AndroidManifest.xml:24:15-70
46                android:resource="@style/NormalTheme" />
46-->src\main\AndroidManifest.xml:25:15-52
47
48            <intent-filter>
48-->src\main\AndroidManifest.xml:27:13-30:29
49                <action android:name="android.intent.action.MAIN" />
49-->src\main\AndroidManifest.xml:28:17-68
49-->src\main\AndroidManifest.xml:28:25-66
50
51                <category android:name="android.intent.category.LAUNCHER" />
51-->src\main\AndroidManifest.xml:29:17-76
51-->src\main\AndroidManifest.xml:29:27-74
52            </intent-filter>
53        </activity>
54
55        <!--
56             Don't delete the meta-data below.
57             This is used by the Flutter tool to generate GeneratedPluginRegistrant.java
58        -->
59        <meta-data
59-->src\main\AndroidManifest.xml:35:9-37:33
60            android:name="flutterEmbedding"
60-->src\main\AndroidManifest.xml:36:13-44
61            android:value="2" />
61-->src\main\AndroidManifest.xml:37:13-30
62
63        <!-- Add the following meta-data entry -->
64        <meta-data
64-->src\main\AndroidManifest.xml:40:9-42:36
65            android:name="flutterNativeTimezone"
65-->src\main\AndroidManifest.xml:41:13-49
66            android:value="true" />
66-->src\main\AndroidManifest.xml:42:13-33
67
68        <!-- Services and receivers for flutter_local_notifications -->
69        <service
69-->src\main\AndroidManifest.xml:45:9-48:43
70            android:name="com.dexterous.flutterlocalnotifications.ForegroundService"
70-->src\main\AndroidManifest.xml:46:13-85
71            android:exported="false"
71-->src\main\AndroidManifest.xml:47:13-37
72            android:stopWithTask="false" />
72-->src\main\AndroidManifest.xml:48:13-41
73
74        <receiver
74-->src\main\AndroidManifest.xml:49:9-125
75            android:name="com.dexterous.flutterlocalnotifications.ActionBroadcastReceiver"
75-->src\main\AndroidManifest.xml:49:44-122
76            android:exported="false" />
76-->src\main\AndroidManifest.xml:49:19-43
77        <receiver
77-->src\main\AndroidManifest.xml:50:9-131
78            android:name="com.dexterous.flutterlocalnotifications.ScheduledNotificationReceiver"
78-->src\main\AndroidManifest.xml:50:44-128
79            android:exported="false" />
79-->src\main\AndroidManifest.xml:50:19-43
80        <receiver
80-->src\main\AndroidManifest.xml:51:9-58:20
81            android:name="com.dexterous.flutterlocalnotifications.ScheduledNotificationBootReceiver"
81-->src\main\AndroidManifest.xml:51:44-132
82            android:exported="false" >
82-->src\main\AndroidManifest.xml:51:19-43
83            <intent-filter>
83-->src\main\AndroidManifest.xml:52:13-57:29
84                <action android:name="android.intent.action.BOOT_COMPLETED" />
84-->src\main\AndroidManifest.xml:53:17-78
84-->src\main\AndroidManifest.xml:53:25-76
85                <action android:name="android.intent.action.MY_PACKAGE_REPLACED" />
85-->src\main\AndroidManifest.xml:54:17-83
85-->src\main\AndroidManifest.xml:54:25-81
86                <action android:name="android.intent.action.QUICKBOOT_POWERON" />
86-->src\main\AndroidManifest.xml:55:17-82
86-->src\main\AndroidManifest.xml:55:25-79
87                <action android:name="com.htc.intent.action.QUICKBOOT_POWERON" />
87-->src\main\AndroidManifest.xml:56:17-81
87-->src\main\AndroidManifest.xml:56:25-79
88            </intent-filter>
89        </receiver>
90
91        <activity
91-->[com.google.android.gms:play-services-base:18.1.0] AndroidManifest.xml:20:9-22:45
92            android:name="com.google.android.gms.common.api.GoogleApiActivity"
92-->[com.google.android.gms:play-services-base:18.1.0] AndroidManifest.xml:20:19-85
93            android:exported="false"
93-->[com.google.android.gms:play-services-base:18.1.0] AndroidManifest.xml:22:19-43
94            android:theme="@android:style/Theme.Translucent.NoTitleBar" />
94-->[com.google.android.gms:play-services-base:18.1.0] AndroidManifest.xml:21:19-78
95
96        <meta-data
96-->[com.google.android.gms:play-services-basement:18.1.0] AndroidManifest.xml:21:9-23:69
97            android:name="com.google.android.gms.version"
97-->[com.google.android.gms:play-services-basement:18.1.0] AndroidManifest.xml:22:13-58
98            android:value="@integer/google_play_services_version" />
98-->[com.google.android.gms:play-services-basement:18.1.0] AndroidManifest.xml:23:13-66
99
100        <uses-library
100-->[androidx.window:window:1.0.0-beta04] AndroidManifest.xml:25:9-27:40
101            android:name="androidx.window.extensions"
101-->[androidx.window:window:1.0.0-beta04] AndroidManifest.xml:26:13-54
102            android:required="false" />
102-->[androidx.window:window:1.0.0-beta04] AndroidManifest.xml:27:13-37
103        <uses-library
103-->[androidx.window:window:1.0.0-beta04] AndroidManifest.xml:28:9-30:40
104            android:name="androidx.window.sidecar"
104-->[androidx.window:window:1.0.0-beta04] AndroidManifest.xml:29:13-51
105            android:required="false" />
105-->[androidx.window:window:1.0.0-beta04] AndroidManifest.xml:30:13-37
106
107        <provider
107-->[androidx.emoji2:emoji2:1.2.0] AndroidManifest.xml:24:9-32:20
108            android:name="androidx.startup.InitializationProvider"
108-->[androidx.emoji2:emoji2:1.2.0] AndroidManifest.xml:25:13-67
109            android:authorities="com.example.to_do.androidx-startup"
109-->[androidx.emoji2:emoji2:1.2.0] AndroidManifest.xml:26:13-68
110            android:exported="false" >
110-->[androidx.emoji2:emoji2:1.2.0] AndroidManifest.xml:27:13-37
111            <meta-data
111-->[androidx.emoji2:emoji2:1.2.0] AndroidManifest.xml:29:13-31:52
112                android:name="androidx.emoji2.text.EmojiCompatInitializer"
112-->[androidx.emoji2:emoji2:1.2.0] AndroidManifest.xml:30:17-75
113                android:value="androidx.startup" />
113-->[androidx.emoji2:emoji2:1.2.0] AndroidManifest.xml:31:17-49
114            <meta-data
114-->[androidx.lifecycle:lifecycle-process:2.4.1] AndroidManifest.xml:31:13-33:52
115                android:name="androidx.lifecycle.ProcessLifecycleInitializer"
115-->[androidx.lifecycle:lifecycle-process:2.4.1] AndroidManifest.xml:32:17-78
116                android:value="androidx.startup" />
116-->[androidx.lifecycle:lifecycle-process:2.4.1] AndroidManifest.xml:33:17-49
117        </provider>
118    </application>
119
120</manifest>